<?xml version="1.0" encoding="UTF-8"?>
<!-- Copy into a Jenkins job workspace (e.g. target/surefire-reports/TEST-jtm-sample.xml)
     and point the JTM post-build step at this path. Use testcase @name="TC-…" to match JTM ids. -->
<testsuite name="jtm-sample" tests="2" failures="1" skipped="0" time="0.05">
  <testcase classname="io.jtm.sample.DemoSpec" name="TC-JUNIT-IMPORT-1" time="0.02"/>
  <testcase classname="io.jtm.sample.DemoSpec" name="TC-JUNIT-IMPORT-2" time="0.03">
    <failure message="Assertion failed" type="java.lang.AssertionError">expected:&lt;1&gt; but was:&lt;0&gt;</failure>
  </testcase>
</testsuite>
